<?xml version="1.0" encoding="UTF-8" ?>
<testsuite errors="1" failures="0" hostname="D-173-250-201-243.dhcp4.washington.edu" name="BasicValidPart" tests="1" time="0.0" timestamp="2012-09-12T23:20:06">
  <properties>
[...]
</properties>
  <error message="BasicValidPart" type="java.lang.ClassNotFoundException">java.lang.ClassNotFoundException: BasicValidPart
	at java.net.URLClassLoader$1.run(URLClassLoader.java:202)
	at java.security.AccessController.doPrivileged(Native Method)
	at java.net.URLClassLoader.findClass(URLClassLoader.java:190)
	at java.lang.ClassLoader.loadClass(ClassLoader.java:306)
	at sun.misc.Launcher$AppClassLoader.loadClass(Launcher.java:301)
	at java.lang.ClassLoader.loadClass(ClassLoader.java:247)
	at java.lang.Class.forName0(Native Method)
	at java.lang.Class.forName(Class.java:169)
</error>
  <system-out><![CDATA[]]></system-out>
  <system-err><![CDATA[]]></system-err>
</testsuite>
